Build started 3/6/2014 10:26:06 AM.
     1>Project "D:\Temp\ds\s02\SolutionSum02\SolutionSum02\SolutionSum02.vcxproj" on node 2 (build target(s)).
     1>PrepareForBuild:
         Creating directory "D:\Temp\ds\s02\SolutionSum02\Debug\".
       InitializeBuildStatus:
         Creating "Debug\SolutionSum02.unsuccessfulbuild" because "AlwaysCreate" was specified.
       ClCompile:
         C:\Program Files (x86)\Microsoft Visual Studio 10.0\VC\bin\CL.exe /c /ZI /nologo /W3 /WX- /Od /Oy- /D WIN32 /D _DEBUG /D _CONSOLE /D _UNICODE /D UNICODE /Gm /EHsc /RTC1 /MDd /GS /fp:precise /Zc:wchar_t /Zc:forScope /Fo"Debug\\" /Fd"Debug\vc100.pdb" /Gd /TC /analyze- /errorReport:prompt ProgMain.c
         ProgMain.c
     1>d:\temp\ds\s02\solutionsum02\solutionsum02\progmain.c(13): warning C4172: returning address of local variable or temporary
     1>d:\temp\ds\s02\solutionsum02\solutionsum02\progmain.c(62): warning C4996: 'scanf': This function or variable may be unsafe. Consider using scanf_s instead. To disable deprecation, use _CRT_SECURE_NO_WARNINGS. See online help for details.
                 c:\program files (x86)\microsoft visual studio 10.0\vc\include\stdio.h(304) : see declaration of 'scanf'
     1>d:\temp\ds\s02\solutionsum02\solutionsum02\progmain.c(63): warning C4996: 'scanf': This function or variable may be unsafe. Consider using scanf_s instead. To disable deprecation, use _CRT_SECURE_NO_WARNINGS. See online help for details.
                 c:\program files (x86)\microsoft visual studio 10.0\vc\include\stdio.h(304) : see declaration of 'scanf'
     1>d:\temp\ds\s02\solutionsum02\solutionsum02\progmain.c(76): warning C4996: 'scanf': This function or variable may be unsafe. Consider using scanf_s instead. To disable deprecation, use _CRT_SECURE_NO_WARNINGS. See online help for details.
                 c:\program files (x86)\microsoft visual studio 10.0\vc\include\stdio.h(304) : see declaration of 'scanf'
       ManifestResourceCompile:
         C:\Program Files (x86)\Microsoft SDKs\Windows\v7.0A\bin\rc.exe /nologo /fo"Debug\SolutionSum02.exe.embed.manifest.res" Debug\SolutionSum02_manifest.rc 
       Link:
         C:\Program Files (x86)\Microsoft Visual Studio 10.0\VC\bin\link.exe /ERRORREPORT:PROMPT /OUT:"D:\Temp\ds\s02\SolutionSum02\Debug\SolutionSum02.exe" /INCREMENTAL /NOLOGO kernel32.lib user32.lib gdi32.lib winspool.lib comdlg32.lib advapi32.lib shell32.lib ole32.lib oleaut32.lib uuid.lib odbc32.lib odbccp32.lib /MANIFEST /ManifestFile:"Debug\SolutionSum02.exe.intermediate.manifest" /MANIFESTUAC:"level='asInvoker' uiAccess='false'" /DEBUG /PDB:"D:\Temp\ds\s02\SolutionSum02\Debug\SolutionSum02.pdb" /SUBSYSTEM:CONSOLE /TLBID:1 /DYNAMICBASE /NXCOMPAT /IMPLIB:"D:\Temp\ds\s02\SolutionSum02\Debug\SolutionSum02.lib" /MACHINE:X86 Debug\SolutionSum02.exe.embed.manifest.res
         Debug\ProgMain.obj
       Manifest:
         C:\Program Files (x86)\Microsoft SDKs\Windows\v7.0A\bin\mt.exe /nologo /verbose /out:"Debug\SolutionSum02.exe.embed.manifest" /manifest Debug\SolutionSum02.exe.intermediate.manifest
         C:\Program Files (x86)\Microsoft SDKs\Windows\v7.0A\bin\rc.exe /nologo /fo"Debug\SolutionSum02.exe.embed.manifest.res" Debug\SolutionSum02_manifest.rc 
       LinkEmbedManifest:
         C:\Program Files (x86)\Microsoft Visual Studio 10.0\VC\bin\link.exe /ERRORREPORT:PROMPT /OUT:"D:\Temp\ds\s02\SolutionSum02\Debug\SolutionSum02.exe" /INCREMENTAL /NOLOGO kernel32.lib user32.lib gdi32.lib winspool.lib comdlg32.lib advapi32.lib shell32.lib ole32.lib oleaut32.lib uuid.lib odbc32.lib odbccp32.lib /MANIFEST /ManifestFile:"Debug\SolutionSum02.exe.intermediate.manifest" /MANIFESTUAC:"level='asInvoker' uiAccess='false'" /DEBUG /PDB:"D:\Temp\ds\s02\SolutionSum02\Debug\SolutionSum02.pdb" /SUBSYSTEM:CONSOLE /TLBID:1 /DYNAMICBASE /NXCOMPAT /IMPLIB:"D:\Temp\ds\s02\SolutionSum02\Debug\SolutionSum02.lib" /MACHINE:X86 Debug\SolutionSum02.exe.embed.manifest.res
         Debug\ProgMain.obj
         SolutionSum02.vcxproj -> D:\Temp\ds\s02\SolutionSum02\Debug\SolutionSum02.exe
       FinalizeBuildStatus:
         Deleting file "Debug\SolutionSum02.unsuccessfulbuild".
         Touching "Debug\SolutionSum02.lastbuildstate".
     1>Done Building Project "D:\Temp\ds\s02\SolutionSum02\SolutionSum02\SolutionSum02.vcxproj" (build target(s)).

Build succeeded.

Time Elapsed 00:00:01.76
