Build started 3/25/2014 11:06:26 AM.
     1>Project "D:\Temp\ds\s05\ListSortSol\ListSortProj\ListSortProj.vcxproj" on node 2 (build target(s)).
     1>PrepareForBuild:
         Creating directory "D:\Temp\ds\s05\ListSortSol\Debug\".
       InitializeBuildStatus:
         Creating "Debug\ListSortProj.unsuccessfulbuild" because "AlwaysCreate" was specified.
       ClCompile:
         C:\Program Files (x86)\Microsoft Visual Studio 10.0\VC\bin\CL.exe /c /ZI /nologo /W3 /WX- /Od /Oy- /D WIN32 /D _DEBUG /D _CONSOLE /D _UNICODE /D UNICODE /Gm /EHsc /RTC1 /MDd /GS /fp:precise /Zc:wchar_t /Zc:forScope /Fo"Debug\\" /Fd"Debug\vc100.pdb" /Gd /TP /analyze- /errorReport:prompt ProgMainListBookExtins.cpp
         ProgMainListBookExtins.cpp
     1>d:\temp\ds\s05\listsortsol\listsortproj\progmainlistbookextins.cpp(82): warning C4996: 'scanf': This function or variable may be unsafe. Consider using scanf_s instead. To disable deprecation, use _CRT_SECURE_NO_WARNINGS. See online help for details.
                 c:\program files (x86)\microsoft visual studio 10.0\vc\include\stdio.h(304) : see declaration of 'scanf'
     1>d:\temp\ds\s05\listsortsol\listsortproj\progmainlistbookextins.cpp(85): warning C4996: 'scanf': This function or variable may be unsafe. Consider using scanf_s instead. To disable deprecation, use _CRT_SECURE_NO_WARNINGS. See online help for details.
                 c:\program files (x86)\microsoft visual studio 10.0\vc\include\stdio.h(304) : see declaration of 'scanf'
     1>d:\temp\ds\s05\listsortsol\listsortproj\progmainlistbookextins.cpp(87): warning C4996: 'strcpy': This function or variable may be unsafe. Consider using strcpy_s instead. To disable deprecation, use _CRT_SECURE_NO_WARNINGS. See online help for details.
                 c:\program files (x86)\microsoft visual studio 10.0\vc\include\string.h(105) : see declaration of 'strcpy'
     1>d:\temp\ds\s05\listsortsol\listsortproj\progmainlistbookextins.cpp(89): warning C4996: 'scanf': This function or variable may be unsafe. Consider using scanf_s instead. To disable deprecation, use _CRT_SECURE_NO_WARNINGS. See online help for details.
                 c:\program files (x86)\microsoft visual studio 10.0\vc\include\stdio.h(304) : see declaration of 'scanf'
     1>d:\temp\ds\s05\listsortsol\listsortproj\progmainlistbookextins.cpp(94): warning C4996: 'scanf': This function or variable may be unsafe. Consider using scanf_s instead. To disable deprecation, use _CRT_SECURE_NO_WARNINGS. See online help for details.
                 c:\program files (x86)\microsoft visual studio 10.0\vc\include\stdio.h(304) : see declaration of 'scanf'
       ManifestResourceCompile:
         C:\Program Files (x86)\Microsoft SDKs\Windows\v7.0A\bin\rc.exe /nologo /fo"Debug\ListSortProj.exe.embed.manifest.res" Debug\ListSortProj_manifest.rc 
       Link:
         C:\Program Files (x86)\Microsoft Visual Studio 10.0\VC\bin\link.exe /ERRORREPORT:PROMPT /OUT:"D:\Temp\ds\s05\ListSortSol\Debug\ListSortProj.exe" /INCREMENTAL /NOLOGO kernel32.lib user32.lib gdi32.lib winspool.lib comdlg32.lib advapi32.lib shell32.lib ole32.lib oleaut32.lib uuid.lib odbc32.lib odbccp32.lib /MANIFEST /ManifestFile:"Debug\ListSortProj.exe.intermediate.manifest" /MANIFESTUAC:"level='asInvoker' uiAccess='false'" /DEBUG /PDB:"D:\Temp\ds\s05\ListSortSol\Debug\ListSortProj.pdb" /SUBSYSTEM:CONSOLE /TLBID:1 /DYNAMICBASE /NXCOMPAT /IMPLIB:"D:\Temp\ds\s05\ListSortSol\Debug\ListSortProj.lib" /MACHINE:X86 Debug\ListSortProj.exe.embed.manifest.res
         Debug\ProgMainListBookExtins.obj
       Manifest:
         C:\Program Files (x86)\Microsoft SDKs\Windows\v7.0A\bin\mt.exe /nologo /verbose /out:"Debug\ListSortProj.exe.embed.manifest" /manifest Debug\ListSortProj.exe.intermediate.manifest
         C:\Program Files (x86)\Microsoft SDKs\Windows\v7.0A\bin\rc.exe /nologo /fo"Debug\ListSortProj.exe.embed.manifest.res" Debug\ListSortProj_manifest.rc 
       LinkEmbedManifest:
         C:\Program Files (x86)\Microsoft Visual Studio 10.0\VC\bin\link.exe /ERRORREPORT:PROMPT /OUT:"D:\Temp\ds\s05\ListSortSol\Debug\ListSortProj.exe" /INCREMENTAL /NOLOGO kernel32.lib user32.lib gdi32.lib winspool.lib comdlg32.lib advapi32.lib shell32.lib ole32.lib oleaut32.lib uuid.lib odbc32.lib odbccp32.lib /MANIFEST /ManifestFile:"Debug\ListSortProj.exe.intermediate.manifest" /MANIFESTUAC:"level='asInvoker' uiAccess='false'" /DEBUG /PDB:"D:\Temp\ds\s05\ListSortSol\Debug\ListSortProj.pdb" /SUBSYSTEM:CONSOLE /TLBID:1 /DYNAMICBASE /NXCOMPAT /IMPLIB:"D:\Temp\ds\s05\ListSortSol\Debug\ListSortProj.lib" /MACHINE:X86 Debug\ListSortProj.exe.embed.manifest.res
         Debug\ProgMainListBookExtins.obj
         ListSortProj.vcxproj -> D:\Temp\ds\s05\ListSortSol\Debug\ListSortProj.exe
       FinalizeBuildStatus:
         Deleting file "Debug\ListSortProj.unsuccessfulbuild".
         Touching "Debug\ListSortProj.lastbuildstate".
     1>Done Building Project "D:\Temp\ds\s05\ListSortSol\ListSortProj\ListSortProj.vcxproj" (build target(s)).

Build succeeded.

Time Elapsed 00:00:04.20
