Build started 3/13/2014 10:49:07 AM.
     1>Project "D:\Temp\ds\s04\ListBookSln\ListBookProj\ListBookProj.vcxproj" on node 2 (build target(s)).
     1>PrepareForBuild:
         Creating directory "D:\Temp\ds\s04\ListBookSln\Debug\".
       InitializeBuildStatus:
         Creating "Debug\ListBookProj.unsuccessfulbuild" because "AlwaysCreate" was specified.
       ClCompile:
         C:\Program Files (x86)\Microsoft Visual Studio 10.0\VC\bin\CL.exe /c /ZI /nologo /W3 /WX- /Od /Oy- /D WIN32 /D _DEBUG /D _CONSOLE /D _UNICODE /D UNICODE /Gm /EHsc /RTC1 /MDd /GS /fp:precise /Zc:wchar_t /Zc:forScope /Fo"Debug\\" /Fd"Debug\vc100.pdb" /Gd /TP /analyze- /errorReport:prompt ProgMainListBook.cpp
         ProgMainListBook.cpp
     1>d:\temp\ds\s04\listbooksln\listbookproj\progmainlistbook.cpp(48): warning C4996: 'scanf': This function or variable may be unsafe. Consider using scanf_s instead. To disable deprecation, use _CRT_SECURE_NO_WARNINGS. See online help for details.
                 c:\program files (x86)\microsoft visual studio 10.0\vc\include\stdio.h(304) : see declaration of 'scanf'
     1>d:\temp\ds\s04\listbooksln\listbookproj\progmainlistbook.cpp(51): warning C4996: 'scanf': This function or variable may be unsafe. Consider using scanf_s instead. To disable deprecation, use _CRT_SECURE_NO_WARNINGS. See online help for details.
                 c:\program files (x86)\microsoft visual studio 10.0\vc\include\stdio.h(304) : see declaration of 'scanf'
     1>d:\temp\ds\s04\listbooksln\listbookproj\progmainlistbook.cpp(53): warning C4996: 'strcpy': This function or variable may be unsafe. Consider using strcpy_s instead. To disable deprecation, use _CRT_SECURE_NO_WARNINGS. See online help for details.
                 c:\program files (x86)\microsoft visual studio 10.0\vc\include\string.h(105) : see declaration of 'strcpy'
     1>d:\temp\ds\s04\listbooksln\listbookproj\progmainlistbook.cpp(55): warning C4996: 'scanf': This function or variable may be unsafe. Consider using scanf_s instead. To disable deprecation, use _CRT_SECURE_NO_WARNINGS. See online help for details.
                 c:\program files (x86)\microsoft visual studio 10.0\vc\include\stdio.h(304) : see declaration of 'scanf'
     1>d:\temp\ds\s04\listbooksln\listbookproj\progmainlistbook.cpp(59): warning C4996: 'scanf': This function or variable may be unsafe. Consider using scanf_s instead. To disable deprecation, use _CRT_SECURE_NO_WARNINGS. See online help for details.
                 c:\program files (x86)\microsoft visual studio 10.0\vc\include\stdio.h(304) : see declaration of 'scanf'
       ManifestResourceCompile:
         C:\Program Files (x86)\Microsoft SDKs\Windows\v7.0A\bin\rc.exe /nologo /fo"Debug\ListBookProj.exe.embed.manifest.res" Debug\ListBookProj_manifest.rc 
       Link:
         C:\Program Files (x86)\Microsoft Visual Studio 10.0\VC\bin\link.exe /ERRORREPORT:PROMPT /OUT:"D:\Temp\ds\s04\ListBookSln\Debug\ListBookProj.exe" /INCREMENTAL /NOLOGO kernel32.lib user32.lib gdi32.lib winspool.lib comdlg32.lib advapi32.lib shell32.lib ole32.lib oleaut32.lib uuid.lib odbc32.lib odbccp32.lib /MANIFEST /ManifestFile:"Debug\ListBookProj.exe.intermediate.manifest" /MANIFESTUAC:"level='asInvoker' uiAccess='false'" /DEBUG /PDB:"D:\Temp\ds\s04\ListBookSln\Debug\ListBookProj.pdb" /SUBSYSTEM:CONSOLE /TLBID:1 /DYNAMICBASE /NXCOMPAT /IMPLIB:"D:\Temp\ds\s04\ListBookSln\Debug\ListBookProj.lib" /MACHINE:X86 Debug\ListBookProj.exe.embed.manifest.res
         Debug\ProgMainListBook.obj
       Manifest:
         C:\Program Files (x86)\Microsoft SDKs\Windows\v7.0A\bin\mt.exe /nologo /verbose /out:"Debug\ListBookProj.exe.embed.manifest" /manifest Debug\ListBookProj.exe.intermediate.manifest
         C:\Program Files (x86)\Microsoft SDKs\Windows\v7.0A\bin\rc.exe /nologo /fo"Debug\ListBookProj.exe.embed.manifest.res" Debug\ListBookProj_manifest.rc 
       LinkEmbedManifest:
         C:\Program Files (x86)\Microsoft Visual Studio 10.0\VC\bin\link.exe /ERRORREPORT:PROMPT /OUT:"D:\Temp\ds\s04\ListBookSln\Debug\ListBookProj.exe" /INCREMENTAL /NOLOGO kernel32.lib user32.lib gdi32.lib winspool.lib comdlg32.lib advapi32.lib shell32.lib ole32.lib oleaut32.lib uuid.lib odbc32.lib odbccp32.lib /MANIFEST /ManifestFile:"Debug\ListBookProj.exe.intermediate.manifest" /MANIFESTUAC:"level='asInvoker' uiAccess='false'" /DEBUG /PDB:"D:\Temp\ds\s04\ListBookSln\Debug\ListBookProj.pdb" /SUBSYSTEM:CONSOLE /TLBID:1 /DYNAMICBASE /NXCOMPAT /IMPLIB:"D:\Temp\ds\s04\ListBookSln\Debug\ListBookProj.lib" /MACHINE:X86 Debug\ListBookProj.exe.embed.manifest.res
         Debug\ProgMainListBook.obj
         ListBookProj.vcxproj -> D:\Temp\ds\s04\ListBookSln\Debug\ListBookProj.exe
       FinalizeBuildStatus:
         Deleting file "Debug\ListBookProj.unsuccessfulbuild".
         Touching "Debug\ListBookProj.lastbuildstate".
     1>Done Building Project "D:\Temp\ds\s04\ListBookSln\ListBookProj\ListBookProj.vcxproj" (build target(s)).

Build succeeded.

Time Elapsed 00:00:03.11
