Build started 3/13/2014 10:48:25 AM.
     1>Project "D:\Temp\ds\s03\CalcStocMatr\CalcStocMatr\CalcStocMatr.vcxproj" on node 2 (build target(s)).
     1>PrepareForBuild:
         Creating directory "D:\Temp\ds\s03\CalcStocMatr\Debug\".
       InitializeBuildStatus:
         Creating "Debug\CalcStocMatr.unsuccessfulbuild" because "AlwaysCreate" was specified.
       ClCompile:
         C:\Program Files (x86)\Microsoft Visual Studio 10.0\VC\bin\CL.exe /c /ZI /nologo /W3 /WX- /Od /Oy- /D WIN32 /D _DEBUG /D _CONSOLE /D _UNICODE /D UNICODE /Gm /EHsc /RTC1 /MDd /GS /fp:precise /Zc:wchar_t /Zc:forScope /Fo"Debug\\" /Fd"Debug\vc100.pdb" /Gd /TC /analyze- /errorReport:prompt ProgMain.c
         ProgMain.c
     1>d:\temp\ds\s03\calcstocmatr\calcstocmatr\progmain.c(34): warning C4996: 'scanf': This function or variable may be unsafe. Consider using scanf_s instead. To disable deprecation, use _CRT_SECURE_NO_WARNINGS. See online help for details.
                 c:\program files (x86)\microsoft visual studio 10.0\vc\include\stdio.h(304) : see declaration of 'scanf'
     1>d:\temp\ds\s03\calcstocmatr\calcstocmatr\progmain.c(35): warning C4996: 'scanf': This function or variable may be unsafe. Consider using scanf_s instead. To disable deprecation, use _CRT_SECURE_NO_WARNINGS. See online help for details.
                 c:\program files (x86)\microsoft visual studio 10.0\vc\include\stdio.h(304) : see declaration of 'scanf'
     1>d:\temp\ds\s03\calcstocmatr\calcstocmatr\progmain.c(44): warning C4996: 'scanf': This function or variable may be unsafe. Consider using scanf_s instead. To disable deprecation, use _CRT_SECURE_NO_WARNINGS. See online help for details.
                 c:\program files (x86)\microsoft visual studio 10.0\vc\include\stdio.h(304) : see declaration of 'scanf'
     1>d:\temp\ds\s03\calcstocmatr\calcstocmatr\progmain.c(47): warning C4996: 'scanf': This function or variable may be unsafe. Consider using scanf_s instead. To disable deprecation, use _CRT_SECURE_NO_WARNINGS. See online help for details.
                 c:\program files (x86)\microsoft visual studio 10.0\vc\include\stdio.h(304) : see declaration of 'scanf'
     1>d:\temp\ds\s03\calcstocmatr\calcstocmatr\progmain.c(49): warning C4996: 'strcpy': This function or variable may be unsafe. Consider using strcpy_s instead. To disable deprecation, use _CRT_SECURE_NO_WARNINGS. See online help for details.
                 c:\program files (x86)\microsoft visual studio 10.0\vc\include\string.h(105) : see declaration of 'strcpy'
     1>d:\temp\ds\s03\calcstocmatr\calcstocmatr\progmain.c(51): warning C4996: 'scanf': This function or variable may be unsafe. Consider using scanf_s instead. To disable deprecation, use _CRT_SECURE_NO_WARNINGS. See online help for details.
                 c:\program files (x86)\microsoft visual studio 10.0\vc\include\stdio.h(304) : see declaration of 'scanf'
     1>d:\temp\ds\s03\calcstocmatr\calcstocmatr\progmain.c(52): warning C4996: 'scanf': This function or variable may be unsafe. Consider using scanf_s instead. To disable deprecation, use _CRT_SECURE_NO_WARNINGS. See online help for details.
                 c:\program files (x86)\microsoft visual studio 10.0\vc\include\stdio.h(304) : see declaration of 'scanf'
       ManifestResourceCompile:
         C:\Program Files (x86)\Microsoft SDKs\Windows\v7.0A\bin\rc.exe /nologo /fo"Debug\CalcStocMatr.exe.embed.manifest.res" Debug\CalcStocMatr_manifest.rc 
       Link:
         C:\Program Files (x86)\Microsoft Visual Studio 10.0\VC\bin\link.exe /ERRORREPORT:PROMPT /OUT:"D:\Temp\ds\s03\CalcStocMatr\Debug\CalcStocMatr.exe" /INCREMENTAL /NOLOGO kernel32.lib user32.lib gdi32.lib winspool.lib comdlg32.lib advapi32.lib shell32.lib ole32.lib oleaut32.lib uuid.lib odbc32.lib odbccp32.lib /MANIFEST /ManifestFile:"Debug\CalcStocMatr.exe.intermediate.manifest" /MANIFESTUAC:"level='asInvoker' uiAccess='false'" /DEBUG /PDB:"D:\Temp\ds\s03\CalcStocMatr\Debug\CalcStocMatr.pdb" /SUBSYSTEM:CONSOLE /TLBID:1 /DYNAMICBASE /NXCOMPAT /IMPLIB:"D:\Temp\ds\s03\CalcStocMatr\Debug\CalcStocMatr.lib" /MACHINE:X86 Debug\CalcStocMatr.exe.embed.manifest.res
         Debug\ProgMain.obj
       Manifest:
         C:\Program Files (x86)\Microsoft SDKs\Windows\v7.0A\bin\mt.exe /nologo /verbose /out:"Debug\CalcStocMatr.exe.embed.manifest" /manifest Debug\CalcStocMatr.exe.intermediate.manifest
         C:\Program Files (x86)\Microsoft SDKs\Windows\v7.0A\bin\rc.exe /nologo /fo"Debug\CalcStocMatr.exe.embed.manifest.res" Debug\CalcStocMatr_manifest.rc 
       LinkEmbedManifest:
         C:\Program Files (x86)\Microsoft Visual Studio 10.0\VC\bin\link.exe /ERRORREPORT:PROMPT /OUT:"D:\Temp\ds\s03\CalcStocMatr\Debug\CalcStocMatr.exe" /INCREMENTAL /NOLOGO kernel32.lib user32.lib gdi32.lib winspool.lib comdlg32.lib advapi32.lib shell32.lib ole32.lib oleaut32.lib uuid.lib odbc32.lib odbccp32.lib /MANIFEST /ManifestFile:"Debug\CalcStocMatr.exe.intermediate.manifest" /MANIFESTUAC:"level='asInvoker' uiAccess='false'" /DEBUG /PDB:"D:\Temp\ds\s03\CalcStocMatr\Debug\CalcStocMatr.pdb" /SUBSYSTEM:CONSOLE /TLBID:1 /DYNAMICBASE /NXCOMPAT /IMPLIB:"D:\Temp\ds\s03\CalcStocMatr\Debug\CalcStocMatr.lib" /MACHINE:X86 Debug\CalcStocMatr.exe.embed.manifest.res
         Debug\ProgMain.obj
         CalcStocMatr.vcxproj -> D:\Temp\ds\s03\CalcStocMatr\Debug\CalcStocMatr.exe
       FinalizeBuildStatus:
         Deleting file "Debug\CalcStocMatr.unsuccessfulbuild".
         Touching "Debug\CalcStocMatr.lastbuildstate".
     1>Done Building Project "D:\Temp\ds\s03\CalcStocMatr\CalcStocMatr\CalcStocMatr.vcxproj" (build target(s)).

Build succeeded.

Time Elapsed 00:00:03.39
